c:\users\김재혁\source\repos\solution\solution\x64\debug\vc143.pdb
c:\users\김재혁\source\repos\solution\solution\x64\debug\vc143.idb
c:\users\김재혁\source\repos\solution\solution\x64\debug\test.obj
c:\users\김재혁\source\repos\solution\solution\x64\debug\solution1.obj
c:\users\김재혁\source\repos\solution\solution\x64\debug\solution.ilk
c:\users\김재혁\source\repos\solution\x64\debug\solution.pdb
c:\users\김재혁\source\repos\solution\solution\x64\debug\solution.tlog\cl.command.1.tlog
c:\users\김재혁\source\repos\solution\solution\x64\debug\solution.tlog\cl.items.tlog
c:\users\김재혁\source\repos\solution\solution\x64\debug\solution.tlog\cl.read.1.tlog
c:\users\김재혁\source\repos\solution\solution\x64\debug\solution.tlog\cl.write.1.tlog
c:\users\김재혁\source\repos\solution\solution\x64\debug\solution.tlog\link-cvtres.read.1.tlog
c:\users\김재혁\source\repos\solution\solution\x64\debug\solution.tlog\link-cvtres.write.1.tlog
c:\users\김재혁\source\repos\solution\solution\x64\debug\solution.tlog\link-rc.read.1.tlog
c:\users\김재혁\source\repos\solution\solution\x64\debug\solution.tlog\link-rc.write.1.tlog
c:\users\김재혁\source\repos\solution\solution\x64\debug\solution.tlog\link.25468-cvtres.read.1.tlog
c:\users\김재혁\source\repos\solution\solution\x64\debug\solution.tlog\link.25468-cvtres.write.1.tlog
c:\users\김재혁\source\repos\solution\solution\x64\debug\solution.tlog\link.25468-rc.read.1.tlog
c:\users\김재혁\source\repos\solution\solution\x64\debug\solution.tlog\link.25468-rc.write.1.tlog
c:\users\김재혁\source\repos\solution\solution\x64\debug\solution.tlog\link.25468.read.1.tlog
c:\users\김재혁\source\repos\solution\solution\x64\debug\solution.tlog\link.25468.read.2.tlog
c:\users\김재혁\source\repos\solution\solution\x64\debug\solution.tlog\link.25468.read.3.tlog
c:\users\김재혁\source\repos\solution\solution\x64\debug\solution.tlog\link.25468.read.4.tlog
c:\users\김재혁\source\repos\solution\solution\x64\debug\solution.tlog\link.25468.read.5.tlog
c:\users\김재혁\source\repos\solution\solution\x64\debug\solution.tlog\link.25468.read.6.tlog
c:\users\김재혁\source\repos\solution\solution\x64\debug\solution.tlog\link.25468.write.1.tlog
c:\users\김재혁\source\repos\solution\solution\x64\debug\solution.tlog\link.command.1.tlog
c:\users\김재혁\source\repos\solution\solution\x64\debug\solution.tlog\link.read.1.tlog
c:\users\김재혁\source\repos\solution\solution\x64\debug\solution.tlog\link.read.2.tlog
c:\users\김재혁\source\repos\solution\solution\x64\debug\solution.tlog\link.read.3.tlog
c:\users\김재혁\source\repos\solution\solution\x64\debug\solution.tlog\link.read.4.tlog
c:\users\김재혁\source\repos\solution\solution\x64\debug\solution.tlog\link.read.5.tlog
c:\users\김재혁\source\repos\solution\solution\x64\debug\solution.tlog\link.read.6.tlog
c:\users\김재혁\source\repos\solution\solution\x64\debug\solution.tlog\link.read.7.tlog
c:\users\김재혁\source\repos\solution\solution\x64\debug\solution.tlog\link.secondary.1.tlog
c:\users\김재혁\source\repos\solution\solution\x64\debug\solution.tlog\link.write.1.tlog
